<?xml version="1.0" encoding="UTF-8"?>
<!-- Generated by org.testng.reporters.JUnitReportReporter -->
<testsuite hostname="THBSLAPTOP-452" name="myFirstDemo.GSAApi" tests="3" failures="0" timestamp="19 Jun 2020 05:27:33 GMT" time="4.580" errors="0">
  <testcase name="registrationAPITest" time="2.539" classname="myFirstDemo.GSAApi"/>
  <testcase name="subscriptionDeactivationAPITest" time="0.930" classname="myFirstDemo.GSAApi"/>
  <testcase name="deactivationAPITest" time="1.111" classname="myFirstDemo.GSAApi"/>
</testsuite> <!-- myFirstDemo.GSAApi -->
