<?xml version="1.0" encoding="UTF-8"?>
<!-- Generated by org.testng.reporters.JUnitReportReporter -->
<testsuite hostname="THBSLAPTOP-452" name="myFirstDemo.POSTMethodDemo" tests="1" failures="0" timestamp="8 Jun 2020 07:08:15 GMT" time="3.561" errors="0">
  <testcase name="tokenization" time="3.561" classname="myFirstDemo.POSTMethodDemo"/>
</testsuite> <!-- myFirstDemo.POSTMethodDemo -->
