<?xml version="1.0" encoding="UTF-8"?>
<!-- Generated by org.testng.reporters.JUnitReportReporter -->
<testsuite hostname="THBSLAPTOP-452" name="myFirstDemo.DELETEMethodDemo" tests="1" failures="0" timestamp="3 Jun 2020 07:19:11 GMT" time="4.147" errors="0">
  <testcase name="tc_o2_Delete" time="4.147" classname="myFirstDemo.DELETEMethodDemo"/>
</testsuite> <!-- myFirstDemo.DELETEMethodDemo -->
