<?xml version="1.0" encoding="UTF-8"?>
<!-- Generated by org.testng.reporters.JUnitReportReporter -->
<testsuite hostname="THBSLAPTOP-452" name="myFirstDemo.GETMethodDemo" tests="4" failures="0" timestamp="3 Jun 2020 09:19:34 GMT" time="8.143" errors="0">
  <testcase name="tc_02_get" time="0.504" classname="myFirstDemo.GETMethodDemo"/>
  <testcase name="tc_01" time="0.868" classname="myFirstDemo.GETMethodDemo"/>
  <testcase name="SearchAPI" time="4.644" classname="myFirstDemo.GETMethodDemo"/>
  <testcase name="tc_03_get" time="2.127" classname="myFirstDemo.GETMethodDemo"/>
</testsuite> <!-- myFirstDemo.GETMethodDemo -->
