<?xml version="1.0" encoding="UTF-8"?>
<!-- Generated by org.testng.reporters.JUnitReportReporter -->
<testsuite hostname="THBSLAPTOP-452" name="myFirstDemo.tokenAPI" tests="2" failures="0" timestamp="9 Jun 2020 07:00:34 GMT" time="0.666" errors="0">
  <testcase name="PaymentReactivateAPI" time="0.316" classname="myFirstDemo.tokenAPI"/>
  <testcase name="PaymentDeactivateAPI" time="0.350" classname="myFirstDemo.tokenAPI"/>
</testsuite> <!-- myFirstDemo.tokenAPI -->
