<?xml version="1.0" encoding="UTF-8"?>
<!-- Generated by org.testng.reporters.JUnitReportReporter -->
<testsuite hostname="THBSLAPTOP-452" name="myFirstDemo.GSARegistrationApiTest" tests="3" failures="0" timestamp="19 Jun 2020 05:03:09 GMT" time="4.430" errors="0">
  <testcase name="subscriptionDeactivationAPITest" time="0.769" classname="myFirstDemo.GSARegistrationApiTest"/>
  <testcase name="registrationAPITest" time="2.657" classname="myFirstDemo.GSARegistrationApiTest"/>
  <testcase name="deactivationAPITest" time="1.004" classname="myFirstDemo.GSARegistrationApiTest"/>
</testsuite> <!-- myFirstDemo.GSARegistrationApiTest -->
