<?xml version="1.0" encoding="UTF-8"?>
<!-- Generated by org.testng.reporters.JUnitReportReporter -->
<testsuite hostname="THBSLAPTOP-452" name="myFirstDemo.PUTMethodDemo" tests="2" failures="0" timestamp="3 Jun 2020 07:11:02 GMT" time="6.613" errors="0">
  <testcase name="tc_o2_Put" time="6.589" classname="myFirstDemo.PUTMethodDemo"/>
  <testcase name="tc_01_Put" time="0.024" classname="myFirstDemo.PUTMethodDemo"/>
</testsuite> <!-- myFirstDemo.PUTMethodDemo -->
