<?xml version="1.0" encoding="UTF-8"?>
<!-- Generated by org.testng.reporters.JUnitReportReporter -->
<testsuite hostname="THBSLAPTOP-452" name="myFirstDemo.Demo" tests="4" failures="0" timestamp="3 Jun 2020 06:22:09 GMT" time="18.268" errors="0">
  <testcase name="tc_03_get" time="5.051" classname="myFirstDemo.Demo"/>
  <testcase name="tc_01" time="11.674" classname="myFirstDemo.Demo"/>
  <testcase name="tc_03_Post" time="0.415" classname="myFirstDemo.Demo"/>
  <testcase name="tc_02_get" time="1.128" classname="myFirstDemo.Demo"/>
</testsuite> <!-- myFirstDemo.Demo -->
