<?xml version="1.0" encoding="UTF-8"?>
<!-- Generated by org.testng.reporters.JUnitReportReporter -->
<testsuite hostname="THBSLAPTOP-452" name="myFirstDemo.PATCHMethodDemo" tests="2" failures="0" timestamp="3 Jun 2020 07:12:49 GMT" time="6.191" errors="0">
  <testcase name="tc_o2_Put" time="6.171" classname="myFirstDemo.PATCHMethodDemo"/>
  <testcase name="tc_01_Put" time="0.020" classname="myFirstDemo.PATCHMethodDemo"/>
</testsuite> <!-- myFirstDemo.PATCHMethodDemo -->
